<?xml version="1.0" encoding="UTF-8"?>
<!-- Generated by org.testng.reporters.JUnitXMLReporter -->
<testsuite ignored="0" hostname="dell-vostro-2520" failures="0" tests="5" name="Amazon App Test" time="109.382" errors="0" timestamp="2020-02-11T21:57:13 IST">
  <testcase classname="com.amazon.qa.testcases.HomePageTest" name="SearchWomenFashionTest" time="12.78"/>
  <testcase classname="com.amazon.qa.testcases.WomenShoesTest" name="openFashionSandals" time="4.061"/>
  <testcase classname="com.amazon.qa.testcases.WomenShoesTest" name="openEthnicSandals" time="0.918"/>
  <testcase classname="com.amazon.qa.testcases.WomenFashionSandlesTest" name="FilterSandals" time="9.805"/>
  <testcase classname="com.amazon.qa.testcases.WomenEthnicFootwearTest" name="FilterSandals" time="11.622"/>
</testsuite> <!-- Amazon App Test -->
