<?xml version="1.0" encoding="UTF-8"?>
<testng-results ignored="0" total="1" passed="1" failed="0" skipped="0">
  <reporter-output>
  </reporter-output>
  <suite started-at="2020-03-01T18:48:52 IST" name="Default suite" finished-at="2020-03-01T18:49:14 IST" duration-ms="21418">
    <groups>
    </groups>
    <test started-at="2020-03-01T18:48:52 IST" name="Default test" finished-at="2020-03-01T18:49:14 IST" duration-ms="21418">
      <class name="com.amazon.qa.testcases.HomePageTest">
        <test-method is-config="true" signature="setup()[pri:0, instance:com.amazon.qa.testcases.HomePageTest@1d76aeea]" started-at="2020-03-01T18:48:52 IST" name="setup" finished-at="2020-03-01T18:48:59 IST" duration-ms="6746" status="PASS">
          <reporter-output>
          </reporter-output>
        </test-method> <!-- setup -->
        <test-method signature="SearchWomenFashionTest()[pri:0, instance:com.amazon.qa.testcases.HomePageTest@1d76aeea]" started-at="2020-03-01T18:48:59 IST" name="SearchWomenFashionTest" finished-at="2020-03-01T18:49:14 IST" duration-ms="14481" status="PASS">
          <reporter-output>
          </reporter-output>
        </test-method> <!-- SearchWomenFashionTest -->
        <test-method is-config="true" signature="tearoff()[pri:0, instance:com.amazon.qa.testcases.HomePageTest@1d76aeea]" started-at="2020-03-01T18:49:14 IST" name="tearoff" finished-at="2020-03-01T18:49:14 IST" duration-ms="138" status="PASS">
          <reporter-output>
          </reporter-output>
        </test-method> <!-- tearoff -->
      </class> <!-- com.amazon.qa.testcases.HomePageTest -->
    </test> <!-- Default test -->
  </suite> <!-- Default suite -->
</testng-results>
