<?xml version="1.0" encoding="UTF-8"?>
<testng-results ignored="0" total="1" passed="1" failed="0" skipped="0">
  <reporter-output>
  </reporter-output>
  <suite started-at="2020-02-11T22:04:19 IST" name="Default suite" finished-at="2020-02-11T22:04:37 IST" duration-ms="17226">
    <groups>
    </groups>
    <test started-at="2020-02-11T22:04:19 IST" name="Default test" finished-at="2020-02-11T22:04:37 IST" duration-ms="17226">
      <class name="com.amazon.qa.testcases.HomePageTest">
        <test-method is-config="true" signature="setup()[pri:0, instance:com.amazon.qa.testcases.HomePageTest@d83da2e]" started-at="2020-02-11T22:04:19 IST" name="setup" finished-at="2020-02-11T22:04:24 IST" duration-ms="4814" status="PASS">
          <reporter-output>
          </reporter-output>
        </test-method> <!-- setup -->
        <test-method signature="SearchWomenFashionTest()[pri:0, instance:com.amazon.qa.testcases.HomePageTest@d83da2e]" started-at="2020-02-11T22:04:24 IST" name="SearchWomenFashionTest" finished-at="2020-02-11T22:04:37 IST" duration-ms="12233" status="PASS">
          <reporter-output>
          </reporter-output>
        </test-method> <!-- SearchWomenFashionTest -->
        <test-method is-config="true" signature="tearoff()[pri:0, instance:com.amazon.qa.testcases.HomePageTest@d83da2e]" started-at="2020-02-11T22:04:37 IST" name="tearoff" finished-at="2020-02-11T22:04:37 IST" duration-ms="135" status="PASS">
          <reporter-output>
          </reporter-output>
        </test-method> <!-- tearoff -->
      </class> <!-- com.amazon.qa.testcases.HomePageTest -->
    </test> <!-- Default test -->
  </suite> <!-- Default suite -->
</testng-results>
